app/build/outputs/mapping/prodRelease/configuration.txt
# The proguard configuration file for the following section is Android Gradle plugin 9.2.1 (extracted file: /Users/cxd/Documents/Dev/Gemini/HAUI/app/build/intermediates/default_proguard_files/global/proguard-android-optimize.txt-9.2.1)
# This is a configuration file for ProGuard.
# http://proguard.sourceforge.net/index.html#manual/usage.html
#
# Starting with version 2.2 of the Android plugin for Gradle, this file is distributed together with
# the plugin and unpacked at build-time. The files in $ANDROID_HOME are no longer maintained and
# will be ignored by new version of the Android plugin for Gradle.

# Optimizations: If you don't want to optimize, use the proguard-android.txt configuration file
# instead of this one, which turns off the optimization flags.
-allowaccessmodification

# Preserve some attributes that may be required for reflection.
-keepattributes AnnotationDefault,
                EnclosingMethod,
                InnerClasses,
                RuntimeVisibleAnnotations,
                RuntimeVisibleParameterAnnotations,
                RuntimeVisibleTypeAnnotations,
                Signature

-keep public class com.google.vending.licensing.ILicensingService
-keep public class com.android.vending.licensing.ILicensingService
-keep public class com.google.android.vending.licensing.ILicensingService
-dontnote com.android.vending.licensing.ILicensingService
-dontnote com.google.vending.licensing.ILicensingService
-dontnote com.google.android.vending.licensing.ILicensingService

# For native methods, see https://www.guardsquare.com/manual/configuration/examples#native
-keepclasseswithmembernames,includedescriptorclasses class * {
    native <methods>;
}

# Keep setters in Views so that animations can still work.
-keepclassmembers public class * extends android.view.View {
    void set*(***);
    *** get*();
}

# We want to keep methods in Activity that could be used in the XML attribute onClick.
-keepclassmembers class * extends android.app.Activity {
    public void *(android.view.View);
}

# For enumeration classes, see https://www.guardsquare.com/manual/configuration/examples#enumerations
-keepclassmembers enum * {
    public static **[] values();
    public static ** valueOf(java.lang.String);
}

-keepclassmembers class * implements android.os.Parcelable {
    public static final ** CREATOR;
}

# Preserve annotated Javascript interface methods.
-keepclassmembers class * {
    @android.webkit.JavascriptInterface <methods>;
}

# The support libraries contains references to newer platform versions.
# Don't warn about those in case this app is linking against an older
# platform version. We know about them, and they are safe.
-dontnote android.support.**
-dontnote androidx.**
-dontwarn android.support.**
-dontwarn androidx.**

# Understand the @Keep support annotation.
-keep class android.support.annotation.Keep

-keep @android.support.annotation.Keep class * {*;}

-keepclasseswithmembers class * {
    @android.support.annotation.Keep <methods>;
}

-keepclasseswithmembers class * {
    @android.support.annotation.Keep <fields>;
}

-keepclasseswithmembers class * {
    @android.support.annotation.Keep <init>(...);
}

# These classes are duplicated between android.jar and org.apache.http.legacy.jar.
-dontnote org.apache.http.**
-dontnote android.net.http.**

# These classes are duplicated between android.jar and core-lambda-stubs.jar.
-dontnote java.lang.invoke.**

# End of content from Android Gradle plugin 9.2.1 (extracted file: /Users/cxd/Documents/Dev/Gemini/HAUI/app/build/intermediates/default_proguard_files/global/proguard-android-optimize.txt-9.2.1)
# The proguard configuration file for the following section is HAUI/app/proguard-rules.pro
# ─── Global / System ─────────────────────────────────────────────────────────

-keepattributes *Annotation*
-keepattributes Signature
-keepattributes InnerClasses
-keepattributes EnclosingMethod
-keepattributes SourceFile,LineNumberTable

# ─── Project Models (JSON Serialization) ────────────────────────────────────

# We must keep all serializable models to prevent JSON mapping failures.
-keep @kotlinx.serialization.Serializable class ai.tnj.haui.core.model.** { *; }
-keepclassmembers class ai.tnj.haui.core.model.** {
    *** Companion;
    *** $serializer;
}

# ─── Kotlin Serialization ───────────────────────────────────────────────────

-dontnote kotlinx.serialization.AnnotationsKt
-keep,allowobfuscation,allowshrinking class kotlinx.serialization.json.** { *; }
-keepclassmembers class * {
    @kotlinx.serialization.SerialName <fields>;
}

# ─── Retrofit ───────────────────────────────────────────────────────────────

-keepattributes RuntimeVisibleAlphaAnnotations, RuntimeVisibleParameterAnnotations
-keepclassmembers,allowobfuscation interface * {
    @retrofit2.http.* <methods>;
}
-dontwarn retrofit2.Platform$Java8

# ─── OkHttp ────────────────────────────────────────────────────────────────

-dontwarn okhttp3.internal.platform.**
-dontwarn org.conscrypt.**
-dontwarn org.bouncycastle.**
-dontwarn org.openjsse.**

# ─── Hilt / Dagger ─────────────────────────────────────────────────────────

-keep class dagger.hilt.android.internal.** { *; }
-keep class * extends androidx.lifecycle.ViewModel {
    <init>(...);
}

# ─── Room ──────────────────────────────────────────────────────────────────

-keep class * extends androidx.room.RoomDatabase
-dontwarn androidx.room.paging.**

# ─── Coil ──────────────────────────────────────────────────────────────────

-keep class coil.** { *; }
-dontwarn coil.util.CoilUtils

# ─── Markdown Renderer (mikepenz) ──────────────────────────────────────────

-keep class com.mikepenz.markdown.** { *; }
-dontwarn com.mikepenz.markdown.**

# ─── Bouncy Castle ─────────────────────────────────────────────────────────

-keep class org.bouncycastle.** { *; }
-dontwarn org.bouncycastle.**

# ─── DNS Java ──────────────────────────────────────────────────────────────

-keep class org.xbill.DNS.** { *; }
-dontwarn org.xbill.DNS.**

# ─── ML Kit / Play Services ────────────────────────────────────────────────

-keep class com.google.android.gms.internal.** { *; }
-dontwarn com.google.android.gms.**

# End of content from HAUI/app/proguard-rules.pro
# The proguard configuration file for the following section is exportReleaseConsumerProguardFiles/lib0/proguard.txt
-keep,allowobfuscation,allowshrinking class ai.tnj.haui.feature.home.ui.agent.AgentViewModel
-keep,allowobfuscation,allowshrinking class ai.tnj.haui.feature.home.ui.agent.AgentViewModel
-keep,allowobfuscation,allowshrinking class ai.tnj.haui.feature.home.ui.chat.ChatViewModel
-keep,allowobfuscation,allowshrinking class ai.tnj.haui.feature.home.ui.chat.ChatViewModel
-keep,allowobfuscation,allowshrinking class ai.tnj.haui.feature.home.ui.settings.SettingsViewModel
-keep,allowobfuscation,allowshrinking class ai.tnj.haui.feature.home.ui.settings.SettingsViewModel
# End of content from exportReleaseConsumerProguardFiles/lib0/proguard.txt
# The proguard configuration file for the following section is exportReleaseConsumerProguardFiles/lib0/proguard.txt

# End of content from exportReleaseConsumerProguardFiles/lib0/proguard.txt
# The proguard configuration file for the following section is androidx.hilt:hilt-navigation-compose:1.3.0 (extracted file: /Users/cxd/.gradle/caches/9.4.1/transforms/d51f48bd10c4ef3df487c1a609470194/transformed/hilt-navigation-compose-1.3.0/proguard.txt)
# Intentionally empty proguard rules to indicate this library is safe to shrink

# End of content from androidx.hilt:hilt-navigation-compose:1.3.0 (extracted file: /Users/cxd/.gradle/caches/9.4.1/transforms/d51f48bd10c4ef3df487c1a609470194/transformed/hilt-navigation-compose-1.3.0/proguard.txt)
# The proguard configuration file for the following section is androidx.hilt:hilt-lifecycle-viewmodel-compose:1.3.0 (extracted file: /Users/cxd/.gradle/caches/9.4.1/transforms/6e2ee5fad6a299eea052502d5ac9a696/transformed/hilt-lifecycle-viewmodel-compose-1.3.0/proguard.txt)
# Intentionally empty proguard rules to indicate this library is safe to shrink

# End of content from androidx.hilt:hilt-lifecycle-viewmodel-compose:1.3.0 (extracted file: /Users/cxd/.gradle/caches/9.4.1/transforms/6e2ee5fad6a299eea052502d5ac9a696/transformed/hilt-lifecycle-viewmodel-compose-1.3.0/proguard.txt)
# The proguard configuration file for the following section is androidx.hilt:hilt-lifecycle-viewmodel:1.3.0 (extracted file: /Users/cxd/.gradle/caches/9.4.1/transforms/3cd0f52cf36cfaf3f0b1835adcd4508e/transformed/hilt-lifecycle-viewmodel-1.3.0/proguard.txt)
# Intentionally empty proguard rules to indicate this library is safe to shrink

# End of content from androidx.hilt:hilt-lifecycle-viewmodel:1.3.0 (extracted file: /Users/cxd/.gradle/caches/9.4.1/transforms/3cd0f52cf36cfaf3f0b1835adcd4508e/transformed/hilt-lifecycle-viewmodel-1.3.0/proguard.txt)
# The proguard configuration file for the following section is com.google.dagger:hilt-android:2.59.2 (extracted file: /Users/cxd/.gradle/caches/9.4.1/transforms/c885e9c86b69c03e3d76db641f4a5131/transformed/hilt-android-2.59.2/proguard.txt)
# Keep for the reflective cast done in EntryPoints.
# See b/183070411#comment4 for more info.
-keep,allowobfuscation,allowshrinking @dagger.hilt.EntryPoint class *# Keep for the reflective cast done in EntryPoints.
# See b/183070411#comment4 for more info.
-keep,allowobfuscation,allowshrinking @dagger.hilt.internal.ComponentEntryPoint class *
-keep,allowobfuscation,allowshrinking @dagger.hilt.internal.GeneratedEntryPoint class *
-keep,allowobfuscation,allowshrinking @dagger.hilt.android.EarlyEntryPoint class *
# End of content from com.google.dagger:hilt-android:2.59.2 (extracted file: /Users/cxd/.gradle/caches/9.4.1/transforms/c885e9c86b69c03e3d76db641f4a5131/transformed/hilt-android-2.59.2/proguard.txt)
# The proguard configuration file for the following section is com.google.android.material:material:1.13.0 (extracted file: /Users/cxd/.gradle/caches/9.4.1/transforms/e14efb2afebb815889a7a45d499124b7/transformed/material-1.13.0/proguard.txt)
# Copyright (C) 2015 The Android Open Source Project
#
# Licensed under the Apache License, Version 2.0 (the "License");
# you may not use this file except in compliance with the License.
# You may obtain a copy of the License at
#
#      http://www.apache.org/licenses/LICENSE-2.0
#
# Unless required by applicable law or agreed to in writing, software
# distributed under the License is distributed on an "AS IS" BASIS,
# WITHOUT WARRANTIES OR CONDITIONS OF ANY KIND, either express or implied.
# See the License for the specific language governing permissions and
# limitations under the License.

# CoordinatorLayout resolves the behaviors of its child components with reflection.
-keep public class * extends androidx.coordinatorlayout.widget.CoordinatorLayout$Behavior {
    public <init>(android.content.Context, android.util.AttributeSet);
    public <init>();
}

# Make sure we keep annotations for CoordinatorLayout's DefaultBehavior
-keepattributes RuntimeVisible*Annotation*

# Copyright (C) 2018 The Android Open Source Project
#
# Licensed under the Apache License, Version 2.0 (the "License");
# you may not use this file except in compliance with the License.
# You may obtain a copy of the License at
#
#      http://www.apache.org/licenses/LICENSE-2.0
#
# Unless required by applicable law or agreed to in writing, software
# distributed under the License is distributed on an "AS IS" BASIS,
# WITHOUT WARRANTIES OR CONDITIONS OF ANY KIND, either express or implied.
# See the License for the specific language governing permissions and
# limitations under the License.

# AppCompatViewInflater reads the viewInflaterClass theme attribute which then
# reflectively instantiates MaterialComponentsViewInflater using the no-argument
# constructor. We only need to keep this constructor and the class name if
# AppCompatViewInflater is also being kept.
-if class androidx.appcompat.app.AppCompatViewInflater
-keep class com.google.android.material.theme.MaterialComponentsViewInflater {
    <init>();
}

# End of content from com.google.android.material:material:1.13.0 (extracted file: /Users/cxd/.gradle/caches/9.4.1/transforms/e14efb2afebb815889a7a45d499124b7/transformed/material-1.13.0/proguard.txt)
# The proguard configuration file for the following section is io.coil-kt.coil3:coil-core-android:3.4.0 (extracted file: /Users/cxd/.gradle/caches/9.4.1/transforms/0a2003678efbeeb455047b261078dfb5/transformed/coil-core/proguard.txt)
-dontwarn coil3.PlatformContext

# End of content from io.coil-kt.coil3:coil-core-android:3.4.0 (extracted file: /Users/cxd/.gradle/caches/9.4.1/transforms/0a2003678efbeeb455047b261078dfb5/transformed/coil-core/proguard.txt)
# The proguard configuration file for the following section is androidx.appcompat:appcompat:1.7.1 (extracted file: /Users/cxd/.gradle/caches/9.4.1/transforms/e7d9d1d7d4eb93cb684846d69c3a94e6/transformed/appcompat-1.7.1/proguard.txt)
# Copyright (C) 2018 The Android Open Source Project
#
# Licensed under the Apache License, Version 2.0 (the "License");
# you may not use this file except in compliance with the License.
# You may obtain a copy of the License at
#
#      http://www.apache.org/licenses/LICENSE-2.0
#
# Unless required by applicable law or agreed to in writing, software
# distributed under the License is distributed on an "AS IS" BASIS,
# WITHOUT WARRANTIES OR CONDITIONS OF ANY KIND, either express or implied.
# See the License for the specific language governing permissions and
# limitations under the License.

# Never inline methods, but allow shrinking and obfuscation.
-keepclassmembernames,allowobfuscation,allowshrinking class androidx.appcompat.widget.AppCompatTextViewAutoSizeHelper$Impl* {
  <methods>;
}

# End of content from androidx.appcompat:appcompat:1.7.1 (extracted file: /Users/cxd/.gradle/caches/9.4.1/transforms/e7d9d1d7d4eb93cb684846d69c3a94e6/transformed/appcompat-1.7.1/proguard.txt)
# The proguard configuration file for the following section is androidx.navigation:navigation-runtime-android:2.9.8 (extracted file: /Users/cxd/.gradle/caches/9.4.1/transforms/7455778e29c37102605288cc723cdb85/transformed/navigation-runtime-release/proguard.txt)
# Intentionally empty proguard rules to indicate this library is safe to shrink

# End of content from androidx.navigation:navigation-runtime-android:2.9.8 (extracted file: /Users/cxd/.gradle/caches/9.4.1/transforms/7455778e29c37102605288cc723cdb85/transformed/navigation-runtime-release/proguard.txt)
# The proguard configuration file for the following section is androidx.navigation:navigation-common-android:2.9.8 (extracted file: /Users/cxd/.gradle/caches/9.4.1/transforms/04132e4ccbb7174b611ecbf6d531b708/transformed/navigation-common-release/proguard.txt)
# Copyright (C) 2019 The Android Open Source Project
#
# Licensed under the Apache License, Version 2.0 (the "License");
# you may not use this file except in compliance with the License.
# You may obtain a copy of the License at
#
#      http://www.apache.org/licenses/LICENSE-2.0
#
# Unless required by applicable law or agreed to in writing, software
# distributed under the License is distributed on an "AS IS" BASIS,
# WITHOUT WARRANTIES OR CONDITIONS OF ANY KIND, either express or implied.
# See the License for the specific language governing permissions and
# limitations under the License.

# NavArgsLazy creates NavArgs instances using reflection
-if public class ** implements androidx.navigation.NavArgs
-keepclassmembers public class <1> {
    ** fromBundle(android.os.Bundle);
}

# Retain the @Navigator.Name annotation on each subclass of Navigator.
# R8 full mode only retains annotations on items matched by a -keep rule,
# hence the extra -keep rule for the subclasses of Navigator.
#
# A -keep rule for the Navigator.Name annotation class is not required
# since the annotation is referenced from the code.
-keepattributes RuntimeVisibleAnnotations
-keep,allowobfuscation,allowshrinking class * extends androidx.navigation.Navigator

# End of content from androidx.navigation:navigation-common-android:2.9.8 (extracted file: /Users/cxd/.gradle/caches/9.4.1/transforms/04132e4ccbb7174b611ecbf6d531b708/transformed/navigation-common-release/proguard.txt)
# The proguard configuration file for the following section is androidx.navigation:navigation-compose-android:2.9.8 (extracted file: /Users/cxd/.gradle/caches/9.4.1/transforms/115985901642998dbd8bab6836034dda/transformed/navigation-compose-release/proguard.txt)
# Intentionally empty proguard rules to indicate this library is safe to shrink

# End of content from androidx.navigation:navigation-compose-android:2.9.8 (extracted file: /Users/cxd/.gradle/caches/9.4.1/transforms/115985901642998dbd8bab6836034dda/transformed/navigation-compose-release/proguard.txt)
# The proguard configuration file for the following section is androidx.fragment:fragment:1.5.4 (extracted file: /Users/cxd/.gradle/caches/9.4.1/transforms/f6650675d39986c3bc2b5d43d60a523d/transformed/fragment-1.5.4/proguard.txt)
# Copyright (C) 2020 The Android Open Source Project
#
# Licensed under the Apache License, Version 2.0 (the "License");
# you may not use this file except in compliance with the License.
# You may obtain a copy of the License at
#
#      http://www.apache.org/licenses/LICENSE-2.0
#
# Unless required by applicable law or agreed to in writing, software
# distributed under the License is distributed on an "AS IS" BASIS,
# WITHOUT WARRANTIES OR CONDITIONS OF ANY KIND, either express or implied.
# See the License for the specific language governing permissions and
# limitations under the License.

# The default FragmentFactory creates Fragment instances using reflection
-if public class ** extends androidx.fragment.app.Fragment
-keepclasseswithmembers,allowobfuscation public class <1> {
    public <init>();
}

# End of content from androidx.fragment:fragment:1.5.4 (extracted file: /Users/cxd/.gradle/caches/9.4.1/transforms/f6650675d39986c3bc2b5d43d60a523d/transformed/fragment-1.5.4/proguard.txt)
# The proguard configuration file for the following section is androidx.compose.material3:material3-android:1.4.0 (extracted file: /Users/cxd/.gradle/caches/9.4.1/transforms/9d019f27444c21e51933fc6c3a4896d2/transformed/material3/proguard.txt)
# Intentionally empty proguard rules to indicate this library is safe to shrink

# End of content from androidx.compose.material3:material3-android:1.4.0 (extracted file: /Users/cxd/.gradle/caches/9.4.1/transforms/9d019f27444c21e51933fc6c3a4896d2/transformed/material3/proguard.txt)
# The proguard configuration file for the following section is androidx.compose.animation:animation-core-android:1.11.1 (extracted file: /Users/cxd/.gradle/caches/9.4.1/transforms/f87cdeb8ced5136a529c745eee125c00/transformed/animation-core/proguard.txt)
# Copyright (C) 2020 The Android Open Source Project
#
# Licensed under the Apache License, Version 2.0 (the "License");
# you may not use this file except in compliance with the License.
# You may obtain a copy of the License at
#
#      http://www.apache.org/licenses/LICENSE-2.0
#
# Unless required by applicable law or agreed to in writing, software
# distributed under the License is distributed on an "AS IS" BASIS,
# WITHOUT WARRANTIES OR CONDITIONS OF ANY KIND, either express or implied.
# See the License for the specific language governing permissions and
# limitations under the License.

# Keep all the functions created to throw an exception. We don't want these functions to be
# inlined in any way, which R8 will do by default. The whole point of these functions is to
# reduce the amount of code generated at the call site.
-keepclassmembers,allowshrinking,allowobfuscation class androidx.compose.**.* {
    static void throw*Exception(...);
    static void throw*ExceptionForNullCheck(...);
    # For methods returning Nothing
    static java.lang.Void throw*Exception(...);