app/build/outputs/mapping/prodRelease/seeds.txt
ai.tnj.haui.core.model.HermesPlatformState
ai.tnj.haui.core.model.HermesJobRepeat
ai.tnj.haui.core.model.RunRequestBody
ai.tnj.haui.core.model.HermesCompletionsMessage$TokenUsage
ai.tnj.haui.core.model.ChatCompletionsRequestBody
ai.tnj.haui.feature.home.ui.chat.ChatViewModel
ai.tnj.haui.MainActivity
ai.tnj.haui.core.model.HermesJob
ai.tnj.haui.core.model.ChatCompletionsMessageContent
ai.tnj.haui.core.model.HermesRunState
ai.tnj.haui.core.model.HermesMessageData
ai.tnj.haui.feature.home.ui.settings.SettingsViewModel
ai.tnj.haui.core.model.HermesRunStopModel
ai.tnj.haui.core.data.db.HauiDatabase
ai.tnj.haui.core.model.HermesChatMessage
ai.tnj.haui.core.model.HermesRun
ai.tnj.haui.core.model.HermesCompletionsTools
ai.tnj.haui.feature.home.ui.agent.AgentViewModel
ai.tnj.haui.core.model.ChatCompletionsMessage
ai.tnj.haui.core.model.HermesApiServerState
ai.tnj.haui.core.model.ImageContent
ai.tnj.haui.core.model.HermesModelData
ai.tnj.haui.core.model.HermesJobs
ai.tnj.haui.core.model.HermesHealth
ai.tnj.haui.core.network.HermesService
ai.tnj.haui.HAUIApplication
ai.tnj.haui.core.model.HermesCompletionsMessage
ai.tnj.haui.core.model.HermesTokenUsage
ai.tnj.haui.core.data.db.HauiDatabase_Impl
ai.tnj.haui.core.model.HermesCompletionsMessage$Delta
ai.tnj.haui.HAUIApplication_GeneratedInjector
ai.tnj.haui.core.model.HermesJobSchedule
ai.tnj.haui.core.model.HermesModels
ai.tnj.haui.core.model.HermesCompletionsMessage$Choice
ai.tnj.haui.core.model.OpenAIResponsesRequestBody
ai.tnj.haui.MainActivity_GeneratedInjector
ai.tnj.haui.core.model.OpenAIResponsesRequestBody: java.lang.String conversation
ai.tnj.haui.core.model.ChatCompletionsMessageContent: ai.tnj.haui.core.model.ImageContent imageUrl
ai.tnj.haui.core.model.HermesChatMessage: ai.tnj.haui.core.model.HermesChatMessage$Companion Companion
ai.tnj.haui.core.model.HermesJob: java.lang.String id
ai.tnj.haui.core.model.HermesJob: java.lang.String lastStatus
ai.tnj.haui.core.model.HermesJob: java.lang.String scheduleDisplay
ai.tnj.haui.core.model.HermesJob: java.lang.String createdAt
ai.tnj.haui.core.model.HermesJob: java.util.List skills
ai.tnj.haui.core.model.HermesTokenUsage: int inputTokens
ai.tnj.haui.core.model.HermesRunState: ai.tnj.haui.core.model.HermesRunState$Companion Companion
ai.tnj.haui.core.model.HermesRunState: java.lang.String sessionId
ai.tnj.haui.core.model.ChatCompletionsMessageContent: java.lang.String type
ai.tnj.haui.core.model.HermesApiServerState: java.lang.String errorCode
ai.tnj.haui.core.model.HermesMessageData$$serializer: kotlinx.serialization.descriptors.SerialDescriptor descriptor
ai.tnj.haui.core.model.HermesModels$$serializer: kotlinx.serialization.descriptors.SerialDescriptor descriptor
ai.tnj.haui.core.model.HermesChatMessage: java.lang.String id
ai.tnj.haui.core.model.HermesMessageData: boolean error
ai.tnj.haui.core.model.HermesJob: java.lang.String script
ai.tnj.haui.core.model.HermesCompletionsMessage$Delta$$serializer: kotlinx.serialization.descriptors.SerialDescriptor descriptor
ai.tnj.haui.core.model.HermesTokenUsage$$serializer: kotlinx.serialization.descriptors.SerialDescriptor descriptor
ai.tnj.haui.core.model.HermesCompletionsMessage: ai.tnj.haui.core.model.HermesCompletionsMessage$Companion Companion
ai.tnj.haui.core.model.HermesCompletionsMessage: java.lang.String model
ai.tnj.haui.core.model.HermesMessageData: java.lang.String event
ai.tnj.haui.core.model.HermesJob$$serializer: kotlinx.serialization.descriptors.SerialDescriptor descriptor
ai.tnj.haui.core.model.HermesMessageData: java.lang.String tool
ai.tnj.haui.core.model.OpenAIResponsesRequestBody: kotlin.Lazy[] $childSerializers
ai.tnj.haui.core.model.HermesCompletionsMessage$Delta: ai.tnj.haui.core.model.HermesCompletionsMessage$Delta$Companion Companion
ai.tnj.haui.core.model.HermesCompletionsMessage$TokenUsage: int promptTokens
ai.tnj.haui.core.model.ImageContent$$serializer: kotlinx.serialization.descriptors.SerialDescriptor descriptor
...
androidx.core.view.WindowInsetsCompat$Impl: androidx.core.view.WindowInsetsCompat consumeStableInsets()
androidx.compose.material3.internal.TextFieldType: androidx.compose.material3.internal.TextFieldType[] values()
androidx.compose.ui.focus.FocusStateImpl: androidx.compose.ui.focus.FocusStateImpl valueOf(java.lang.String)
androidx.compose.animation.core.PreconditionsKt: void throwIllegalArgumentException(java.lang.String)
kotlinx.serialization.json.JsonObject: java.lang.String toString()
kotlinx.serialization.json.internal.DescriptorSchemaCache: void set(kotlinx.serialization.descriptors.SerialDescriptor,kotlinx.serialization.json.internal.DescriptorSchemaCache$Key,java.lang.Object)
kotlinx.serialization.json.JsonArray: kotlinx.serialization.json.JsonElement get(int)
androidx.emoji2.text.EmojiExclusions$EmojiExclusions_Api34: java.util.Set getExclusions()
kotlinx.serialization.json.internal.JsonTreeDecoder: void endStructure(kotlinx.serialization.descriptors.SerialDescriptor)
com.mikepenz.markdown.compose.elements.MarkdownListKt: kotlin.Unit MarkdownOrderedList$lambda$2(java.lang.String,org.intellij.markdown.ast.ASTNode,androidx.compose.ui.text.TextStyle,int,kotlin.jvm.functions.Function1,kotlin.jvm.functions.Function1,int,int,androidx.compose.runtime.Composer,int)
com.mikepenz.markdown.model.DefaultMarkdownTypography: androidx.compose.ui.text.TextStyle getTable()
com.mikepenz.markdown.model.PlaceholderConfig: int getVerticalAlign-J6kI3mc()
kotlin.LazyThreadSafetyMode: kotlin.LazyThreadSafetyMode[] values()
kotlinx.serialization.encoding.AbstractEncoder: kotlinx.serialization.encoding.Encoder encodeInlineElement(kotlinx.serialization.descriptors.SerialDescriptor,int)
kotlinx.serialization.json.JsonLiteralSerializer: void serialize(kotlinx.serialization.encoding.Encoder,java.lang.Object)
com.mikepenz.markdown.model.ImageTransformer: com.mikepenz.markdown.model.PlaceholderConfig placeholderConfig-JRj2zQI(java.lang.String,androidx.compose.ui.unit.Density,long,com.mikepenz.markdown.model.ImageWidth,long,kotlin.jvm.functions.Function2)
com.mikepenz.markdown.model.MarkdownStateKt$asMarkdownState$$inlined$transform$1: java.lang.Object invokeSuspend(java.lang.Object)
com.mikepenz.markdown.model.ImageTransformer: com.mikepenz.markdown.model.ImageData transform(java.lang.String,androidx.compose.runtime.Composer,int)
com.mikepenz.markdown.compose.components.ComposableSingletons$MarkdownComponentsKt$lambda$242326187$1: ComposableSingletons$MarkdownComponentsKt$lambda$242326187$1()
androidx.appcompat.widget.AppCompatTextViewAutoSizeHelper$Api23Impl: android.text.StaticLayout createStaticLayoutForMeasuring(java.lang.CharSequence,android.text.Layout$Alignment,int,int,android.widget.TextView,android.text.TextPaint,androidx.appcompat.widget.AppCompatTextViewAutoSizeHelper$Impl)
kotlinx.serialization.json.JsonObject: boolean isEmpty()
dagger.hilt.android.internal.managers.ServiceComponentManager: java.lang.Object generatedComponent()
androidx.appcompat.widget.AppCompatTextView: android.content.res.ColorStateList getSupportBackgroundTintList()
com.mikepenz.markdown.compose.components.MarkdownComponents: kotlin.jvm.functions.Function3 getHeading3()
kotlinx.serialization.json.JsonObject$Companion: JsonObject$Companion()
androidx.core.view.ViewCompat$Api21Impl$1: android.view.WindowInsets onApplyWindowInsets(android.view.View,android.view.WindowInsets)
androidx.core.view.WindowInsetsCompat$Impl35: java.util.List getBoundingRects(int)
kotlinx.serialization.json.JsonPrimitiveSerializer: void serialize(kotlinx.serialization.encoding.Encoder,java.lang.Object)
androidx.core.view.WindowInsetsCompat$BuilderImpl: void initTypeBoundingRects(androidx.core.view.WindowInsetsCompat)
androidx.appcompat.widget.AppCompatTextHelper$Api24Impl: android.os.LocaleList forLanguageTags(java.lang.String)
androidx.appcompat.widget.AppCompatTextViewAutoSizeHelper$Impl29: boolean isHorizontallyScrollable(android.widget.TextView)