app/build/outputs/mapping/prodRelease/usage.txt
ai.tnj.haui.ComposableSingletons$MainActivityKt:
    public final kotlin.jvm.functions.Function2 getLambda$-763222825$app()
ai.tnj.haui.DaggerHAUIApplication_HiltComponents_SingletonC$ActivityRetainedCImpl$SwitchingProvider:
    private final ai.tnj.haui.DaggerHAUIApplication_HiltComponents_SingletonC$ActivityRetainedCImpl activityRetainedCImpl
    private final ai.tnj.haui.DaggerHAUIApplication_HiltComponents_SingletonC$SingletonCImpl singletonCImpl
ai.tnj.haui.DaggerHAUIApplication_HiltComponents_SingletonC$FragmentCBuilder:
    private androidx.fragment.app.Fragment fragment
ai.tnj.haui.DaggerHAUIApplication_HiltComponents_SingletonC$ServiceCImpl:
    private final ai.tnj.haui.DaggerHAUIApplication_HiltComponents_SingletonC$ServiceCImpl serviceCImpl
    private final ai.tnj.haui.DaggerHAUIApplication_HiltComponents_SingletonC$SingletonCImpl singletonCImpl
ai.tnj.haui.DaggerHAUIApplication_HiltComponents_SingletonC$SingletonCImpl:
    public java.util.Set getDisableFragmentGetContextFix()
ai.tnj.haui.DaggerHAUIApplication_HiltComponents_SingletonC$ViewCImpl:
    private final ai.tnj.haui.DaggerHAUIApplication_HiltComponents_SingletonC$ActivityCImpl activityCImpl
    private final ai.tnj.haui.DaggerHAUIApplication_HiltComponents_SingletonC$ActivityRetainedCImpl activityRetainedCImpl
    private final ai.tnj.haui.DaggerHAUIApplication_HiltComponents_SingletonC$SingletonCImpl singletonCImpl
    private final ai.tnj.haui.DaggerHAUIApplication_HiltComponents_SingletonC$ViewCImpl viewCImpl
ai.tnj.haui.DaggerHAUIApplication_HiltComponents_SingletonC$ViewModelCImpl$SwitchingProvider:
    private final ai.tnj.haui.DaggerHAUIApplication_HiltComponents_SingletonC$ActivityRetainedCImpl activityRetainedCImpl
    private final ai.tnj.haui.DaggerHAUIApplication_HiltComponents_SingletonC$ViewModelCImpl viewModelCImpl
ai.tnj.haui.DaggerHAUIApplication_HiltComponents_SingletonC$ViewWithFragmentCImpl:
    private final ai.tnj.haui.DaggerHAUIApplication_HiltComponents_SingletonC$ActivityCImpl activityCImpl
    private final ai.tnj.haui.DaggerHAUIApplication_HiltComponents_SingletonC$ActivityRetainedCImpl activityRetainedCImpl
    private final ai.tnj.haui.DaggerHAUIApplication_HiltComponents_SingletonC$FragmentCImpl fragmentCImpl
    private final ai.tnj.haui.DaggerHAUIApplication_HiltComponents_SingletonC$SingletonCImpl singletonCImpl
    private final ai.tnj.haui.DaggerHAUIApplication_HiltComponents_SingletonC$ViewWithFragmentCImpl viewWithFragmentCImpl
ai.tnj.haui.DaggerHAUIApplication_HiltComponents_SingletonC:
    private void <init>()
ai.tnj.haui.HAUIApplication:
    public static final int $stable
    public final void setLocalDataStore(ai.tnj.haui.core.data.LocalDataStore)
ai.tnj.haui.HAUIApplication_ComponentTreeDeps
ai.tnj.haui.HAUIApplication_HiltComponents$ActivityC$Builder
ai.tnj.haui.HAUIApplication_HiltComponents$ActivityCBuilderModule
ai.tnj.haui.HAUIApplication_HiltComponents$ActivityRetainedC$Builder
ai.tnj.haui.HAUIApplication_HiltComponents$ActivityRetainedCBuilderModule
ai.tnj.haui.HAUIApplication_HiltComponents$FragmentC$Builder
ai.tnj.haui.HAUIApplication_HiltComponents$FragmentCBuilderModule
ai.tnj.haui.HAUIApplication_HiltComponents$ServiceC$Builder
ai.tnj.haui.HAUIApplication_HiltComponents$ServiceCBuilderModule
ai.tnj.haui.HAUIApplication_HiltComponents$ViewC$Builder
ai.tnj.haui.HAUIApplication_HiltComponents$ViewCBuilderModule
ai.tnj.haui.HAUIApplication_HiltComponents$ViewModelC$Builder
ai.tnj.haui.HAUIApplication_HiltComponents$ViewModelCBuilderModule
ai.tnj.haui.HAUIApplication_HiltComponents$ViewWithFragmentC$Builder
ai.tnj.haui.HAUIApplication_HiltComponents$ViewWithFragmentCBuilderModule
ai.tnj.haui.HAUIApplication_HiltComponents
...
androidx.compose.runtime.Recomposer$runRecomposeAndApplyChanges$2:
    public static java.lang.Object invoke$27()
androidx.compose.runtime.Recomposer:
    public static final androidx.compose.runtime.Recomposer$Companion Companion
    public long changeCount
    public final void deletedMovableContent$runtime()
    public static long getChangeCount()
    public static kotlinx.coroutines.flow.StateFlow getCurrentState()
    public final void insertMovableContent$runtime(androidx.compose.runtime.MovableContentStateReference)
    public static java.lang.Object join()
    public final void movableContentStateReleased$runtime(androidx.compose.runtime.MovableContentStateReference,androidx.compose.runtime.MovableContentState,androidx.compose.runtime.Applier)
    public final void pauseCompositionFrameClock()
    public static synthetic void processCompositionError$default(androidx.compose.runtime.Recomposer,java.lang.Throwable,int)
    public static kotlin.jvm.functions.Function1 readObserverOf()
    public static void registerCompositionLocked()
    public final void removeKnownCompositionLocked(androidx.compose.runtime.CompositionImpl)
    public static void resumeCompositionFrameClock()
    public static java.lang.Object runRecomposeAndApplyChanges()
    public static void unregisterCompositionLocked()
    public static kotlin.jvm.functions.Function1 writeObserverOf()
androidx.compose.runtime.RecomposerInfo$Companion
androidx.compose.runtime.RecomposerInfo
androidx.compose.runtime.RecordingApplier$Companion
androidx.compose.runtime.RecordingApplier:
    static void <clinit>()
    public final void clear()
    public static void markRecomposePending()
androidx.compose.runtime.RememberObserverHolder:
    public abstract androidx.compose.runtime.RememberObserver getWrapped()
androidx.compose.runtime.RememberedCoroutineScope$Companion
androidx.compose.runtime.RememberedCoroutineScope:
    public final kotlin.coroutines.EmptyCoroutineContext overlayContext
androidx.compose.runtime.RememberedCoroutineScopeTracingContext
androidx.compose.runtime.ReusableComposition:
    public abstract void deactivate()
    public abstract void setContentWithReuse()
androidx.compose.runtime.ReusableGapRememberObserverHolder:
    static void <clinit>()
androidx.compose.runtime.ReusableRememberObserverHolder
androidx.compose.runtime.ScopeUpdateScope
androidx.compose.runtime.SingleSubscriptionSnapshotFlowManager:
    public final void clearWatchSetImpl()
    public static kotlinx.coroutines.channels.SendChannel getSubscribedChannel()
    public static androidx.compose.runtime.MultiSubscriptionSnapshotFlowManager promote()
    public final void watch$runtime(kotlinx.coroutines.channels.SendChannel,java.lang.Object)
androidx.compose.runtime.SlotStorage:
    static void <clinit>()
    public abstract void clear$1()
    public abstract void collectCalledByInformation()
    public abstract void collectSourceInformation()
    public abstract void deactivateAll()
    public abstract void disposeUnusedMovableContent()
    public abstract androidx.collection.MutableScatterMap extractNestedStates(androidx.compose.runtime.Applier,androidx.collection.MutableObjectList)
    public abstract boolean groupContainsAnchor()
    public abstract void invalidateAll()
    public abstract boolean isEmpty()
    public abstract boolean ownsRecomposeScope()
androidx.compose.runtime.SnapshotFloatState_androidKt
androidx.compose.runtime.SnapshotFlowManager:
    static void <clinit>()
    public static void dispose()
    public static void reportSnapshotFlowCancellation$runtime()
androidx.compose.runtime.SnapshotFlowManagerImpl:
    static void <clinit>()
    public abstract java.lang.Object getLock()
    public abstract java.lang.Object runAndWatch$runtime()
androidx.compose.runtime.SnapshotIntStateKt
androidx.compose.runtime.SnapshotIntStateKt__SnapshotIntStateKt
androidx.compose.runtime.SnapshotIntState_androidKt
androidx.compose.runtime.SnapshotLongStateKt